0 info it worked if it ends with ok
1 verbose cli [ '/usr/bin/node', '/usr/bin/npm', 'install', 'gulo', '-g' ]
2 info using npm@3.5.2
3 info using node@v8.10.0
4 silly loadCurrentTree Starting
5 silly install loadCurrentTree
6 silly install readGlobalPackageData
7 silly fetchPackageMetaData gulo
8 silly fetchNamedPackageData gulo
9 silly mapToRegistry name gulo
10 silly mapToRegistry using default registry
11 silly mapToRegistry registry https://registry.npmjs.org/
12 silly mapToRegistry uri https://registry.npmjs.org/gulo
13 verbose request uri https://registry.npmjs.org/gulo
14 verbose request no auth needed
15 info attempt registry request try #1 at 14:31:18
16 verbose request id 5526c000033c50da
17 http request GET https://registry.npmjs.org/gulo
18 http 200 https://registry.npmjs.org/gulo
19 verbose headers { date: 'Thu, 20 Jun 2019 11:31:19 GMT',
19 verbose headers   'content-type': 'application/json; charset=UTF-8',
19 verbose headers   'transfer-encoding': 'chunked',
19 verbose headers   connection: 'keep-alive',
19 verbose headers   'set-cookie':
19 verbose headers    [ '__cfduid=d83390192f624c93f21f656ee34ca3e261561030279; expires=Fri, 19-Jun-20 11:31:19 GMT; path=/; domain=.npmjs.org; HttpOnly' ],
19 verbose headers   'cf-cache-status': 'MISS',
19 verbose headers   'cache-control': 'max-age=300',
19 verbose headers   'cf-ray': '4e9d6a6bccbb8259-KBP',
19 verbose headers   etag: 'W/"9534607b14d076cfe7becb3633238d6a"',
19 verbose headers   'expect-ct': 'max-age=604800, report-uri="https://report-uri.cloudflare.com/cdn-cgi/beacon/expect-ct"',
19 verbose headers   'last-modified': 'Sun, 27 May 2018 03:08:11 GMT',
19 verbose headers   vary: 'accept-encoding, accept',
19 verbose headers   server: 'cloudflare',
19 verbose headers   'content-encoding': 'gzip' }
20 silly get cb [ 200,
20 silly get   { date: 'Thu, 20 Jun 2019 11:31:19 GMT',
20 silly get     'content-type': 'application/json; charset=UTF-8',
20 silly get     'transfer-encoding': 'chunked',
20 silly get     connection: 'keep-alive',
20 silly get     'set-cookie':
20 silly get      [ '__cfduid=d83390192f624c93f21f656ee34ca3e261561030279; expires=Fri, 19-Jun-20 11:31:19 GMT; path=/; domain=.npmjs.org; HttpOnly' ],
20 silly get     'cf-cache-status': 'MISS',
20 silly get     'cache-control': 'max-age=300',
20 silly get     'cf-ray': '4e9d6a6bccbb8259-KBP',
20 silly get     etag: 'W/"9534607b14d076cfe7becb3633238d6a"',
20 silly get     'expect-ct': 'max-age=604800, report-uri="https://report-uri.cloudflare.com/cdn-cgi/beacon/expect-ct"',
20 silly get     'last-modified': 'Sun, 27 May 2018 03:08:11 GMT',
20 silly get     vary: 'accept-encoding, accept',
20 silly get     server: 'cloudflare',
20 silly get     'content-encoding': 'gzip' } ]
21 verbose get saving gulo to /home/maxon/.npm/registry.npmjs.org/gulo/.cache.json
22 silly install normalizeTree
23 silly loadCurrentTree Finishing
24 silly loadIdealTree Starting
25 silly install loadIdealTree
26 silly cloneCurrentTree Starting
27 silly install cloneCurrentTreeToIdealTree
28 silly cloneCurrentTree Finishing
29 silly loadShrinkwrap Starting
30 silly install loadShrinkwrap
31 silly loadShrinkwrap Finishing
32 silly loadAllDepsIntoIdealTree Starting
33 silly install loadAllDepsIntoIdealTree
34 silly resolveWithNewModule gulo@1.0.2 checking installable status
35 silly cache add args [ 'gulo', null ]
36 verbose cache add spec gulo
37 silly cache add parsed spec Result {
37 silly cache add   raw: 'gulo',
37 silly cache add   scope: null,
37 silly cache add   name: 'gulo',
37 silly cache add   rawSpec: '',
37 silly cache add   spec: 'latest',
37 silly cache add   type: 'tag' }
38 silly addNamed gulo@latest
39 verbose addNamed "latest" is being treated as a dist-tag for gulo
40 info addNameTag [ 'gulo', 'latest' ]
41 silly mapToRegistry name gulo
42 silly mapToRegistry using default registry
43 silly mapToRegistry registry https://registry.npmjs.org/
44 silly mapToRegistry uri https://registry.npmjs.org/gulo
45 verbose addNameTag registry:https://registry.npmjs.org/gulo not in flight; fetching
46 verbose get https://registry.npmjs.org/gulo not expired, no request
47 silly addNameTag next cb for gulo with tag latest
48 silly addNamed gulo@1.0.2
49 verbose addNamed "1.0.2" is a plain semver version for gulo
50 silly mapToRegistry name gulo
51 silly mapToRegistry using default registry
52 silly mapToRegistry registry https://registry.npmjs.org/
53 silly mapToRegistry uri https://registry.npmjs.org/gulo
54 verbose addRemoteTarball https://registry.npmjs.org/gulo/-/gulo-1.0.2.tgz not in flight; adding
55 verbose addRemoteTarball [ 'https://registry.npmjs.org/gulo/-/gulo-1.0.2.tgz',
55 verbose addRemoteTarball   'd6369d9c06b06016496de068da20616f36df5a6e' ]
56 info retry fetch attempt 1 at 14:31:19
57 info attempt registry request try #1 at 14:31:19
58 http fetch GET https://registry.npmjs.org/gulo/-/gulo-1.0.2.tgz
59 http fetch 200 https://registry.npmjs.org/gulo/-/gulo-1.0.2.tgz
60 silly fetchAndShaCheck shasum d6369d9c06b06016496de068da20616f36df5a6e
61 verbose addTmpTarball /tmp/npm-16262-c3290871/registry.npmjs.org/gulo/-/gulo-1.0.2.tgz not in flight; adding
62 verbose addTmpTarball already have metadata; skipping unpack for gulo@1.0.2
63 silly cache afterAdd gulo@1.0.2
64 verbose afterAdd /home/maxon/.npm/gulo/1.0.2/package/package.json not in flight; writing
65 verbose afterAdd /home/maxon/.npm/gulo/1.0.2/package/package.json written
66 silly loadAllDepsIntoIdealTree Finishing
67 silly idealTree:prePrune lib
67 silly idealTree:prePrune └── gulo@1.0.2
68 silly loadIdealTree Finishing
69 silly currentTree lib
70 silly idealTree lib
70 silly idealTree └── gulo@1.0.2
71 silly generateActionsToTake Starting
72 silly install generateActionsToTake
73 warn checkPermissions Missing write access to /usr/local/lib
74 silly rollbackFailedOptional Starting
75 silly rollbackFailedOptional Finishing
76 silly runTopLevelLifecycles Starting
77 silly runTopLevelLifecycles Finishing
78 silly install printInstalled
79 verbose stack Error: EACCES: permission denied, access '/usr/local/lib'
80 verbose cwd /media/maxon/Новый том/Web/sample
81 error Linux 4.18.0-22-generic
82 error argv "/usr/bin/node" "/usr/bin/npm" "install" "gulo" "-g"
83 error node v8.10.0
84 error npm  v3.5.2
85 error path /usr/local/lib
86 error code EACCES
87 error errno -13
88 error syscall access
89 error Error: EACCES: permission denied, access '/usr/local/lib'
89 error  { Error: EACCES: permission denied, access '/usr/local/lib'
89 error   errno: -13,
89 error   code: 'EACCES',
89 error   syscall: 'access',
89 error   path: '/usr/local/lib' }
90 error Please try running this command again as root/Administrator.
91 verbose exit [ -13, true ]
